<?xml version="1.0" encoding="UTF-8"?>
<testng-results ignored="0" total="4" passed="4" failed="0" skipped="0">
  <reporter-output>
  </reporter-output>
  <suite started-at="2024-12-01T13:24:51 PKT" name="Default suite" finished-at="2024-12-01T13:24:57 PKT" duration-ms="5562">
    <groups>
    </groups>
    <test started-at="2024-12-01T13:24:51 PKT" name="Default test" finished-at="2024-12-01T13:24:57 PKT" duration-ms="5562">
      <class name="Testing">
        <test-method is-config="true" signature="setup()[pri:0, instance:Testing@11392934]" started-at="2024-12-01T13:24:51 PKT" name="setup" finished-at="2024-12-01T13:24:51 PKT" duration-ms="19" status="PASS">
          <reporter-output>
          </reporter-output>
        </test-method> <!-- setup -->
        <test-method signature="testCreateUser()[pri:0, instance:Testing@11392934]" started-at="2024-12-01T13:24:51 PKT" name="testCreateUser" finished-at="2024-12-01T13:24:55 PKT" duration-ms="3540" status="PASS">
          <reporter-output>
          </reporter-output>
        </test-method> <!-- testCreateUser -->
        <test-method signature="testDeleteUser()[pri:0, instance:Testing@11392934]" started-at="2024-12-01T13:24:55 PKT" name="testDeleteUser" finished-at="2024-12-01T13:24:56 PKT" duration-ms="771" status="PASS">
          <reporter-output>
          </reporter-output>
        </test-method> <!-- testDeleteUser -->
        <test-method signature="testGetUser()[pri:0, instance:Testing@11392934]" started-at="2024-12-01T13:24:56 PKT" name="testGetUser" finished-at="2024-12-01T13:24:56 PKT" duration-ms="399" status="PASS">
          <reporter-output>
          </reporter-output>
        </test-method> <!-- testGetUser -->
        <test-method signature="testUpdateUser()[pri:0, instance:Testing@11392934]" started-at="2024-12-01T13:24:56 PKT" name="testUpdateUser" finished-at="2024-12-01T13:24:57 PKT" duration-ms="739" status="PASS">
          <reporter-output>
          </reporter-output>
        </test-method> <!-- testUpdateUser -->
      </class> <!-- Testing -->
    </test> <!-- Default test -->
  </suite> <!-- Default suite -->
</testng-results>
