<?xml version="1.0" encoding="UTF-8"?>
<!-- Generated by org.testng.reporters.JUnitXMLReporter -->
<testsuite ignored="0" hostname="DESKTOP-Q9L43KK" failures="0" tests="4" name="Default test" time="5.562" errors="0" timestamp="2024-12-01T13:24:57 PKT">
  <testcase classname="Testing" name="testCreateUser" time="3.54"/>
  <testcase classname="Testing" name="testDeleteUser" time="0.771"/>
  <testcase classname="Testing" name="testGetUser" time="0.399"/>
  <testcase classname="Testing" name="testUpdateUser" time="0.739"/>
</testsuite> <!-- Default test -->
